This is pdfTeX, Version 3.141592653-2.6-1.40.25 (MiKTeX 24.1) (preloaded format=pdflatex 2024.3.4)  13 APR 2025 15:05
entering extended mode
 restricted \write18 enabled.
 file:line:error style messages enabled.
 %&-line parsing enabled.
**e:/Research/Unsat_Cores_MLTL/bib.tex
(e:/Research/Unsat_Cores_MLTL/bib.tex
LaTeX2e <2023-11-01> patch level 1
L3 programming layer <2024-02-20>
(D:\MiKTeX\tex/latex/base\article.cls
Document Class: article 2023/05/17 v1.4n Standard LaTeX document class
(D:\MiKTeX\tex/latex/base\size10.clo
File: size10.clo 2023/05/17 v1.4n Standard LaTeX file (size option)
)
\c@part=\count188
\c@section=\count189
\c@subsection=\count190
\c@subsubsection=\count191
\c@paragraph=\count192
\c@subparagraph=\count193
\c@figure=\count194
\c@table=\count195
\abovecaptionskip=\skip48
\belowcaptionskip=\skip49
\bibindent=\dimen140
) (D:\MiKTeX\tex/latex/amscls\amsthm.sty
Package: amsthm 2020/05/29 v2.20.6
\thm@style=\toks17
\thm@bodyfont=\toks18
\thm@headfont=\toks19
\thm@notefont=\toks20
\thm@headpunct=\toks21
\thm@preskip=\skip50
\thm@postskip=\skip51
\thm@headsep=\skip52
\dth@everypar=\toks22
)
\c@definition=\count196
 (D:\MiKTeX\tex/latex/l3backend\l3backend-pdftex.def
File: l3backend-pdftex.def 2024-02-20 L3 backend support: PDF output (pdfTeX)
\l__color_backend_stack_int=\count197
\l__pdf_internal_box=\box51
) (bib.aux)
\openout1 = `bib.aux'.

LaTeX Font Info:    Checking defaults for OML/cmm/m/it on input line 10.
LaTeX Font Info:    ... okay on input line 10.
LaTeX Font Info:    Checking defaults for OMS/cmsy/m/n on input line 10.
LaTeX Font Info:    ... okay on input line 10.
LaTeX Font Info:    Checking defaults for OT1/cmr/m/n on input line 10.
LaTeX Font Info:    ... okay on input line 10.
LaTeX Font Info:    Checking defaults for T1/cmr/m/n on input line 10.
LaTeX Font Info:    ... okay on input line 10.
LaTeX Font Info:    Checking defaults for TS1/cmr/m/n on input line 10.
LaTeX Font Info:    ... okay on input line 10.
LaTeX Font Info:    Checking defaults for OMX/cmex/m/n on input line 10.
LaTeX Font Info:    ... okay on input line 10.
LaTeX Font Info:    Checking defaults for U/cmr/m/n on input line 10.
LaTeX Font Info:    ... okay on input line 10.
LaTeX Font Info:    External font `cmex10' loaded for size
(Font)              <7> on input line 28.
LaTeX Font Info:    External font `cmex10' loaded for size
(Font)              <5> on input line 28.
 [1

{C:/Users/esloa/AppData/Local/MiKTeX/fonts/map/pdftex/pdftex.map}] [2] (bib.bbl [3]) [4] (bib.aux)
 ***********
LaTeX2e <2023-11-01> patch level 1
L3 programming layer <2024-02-20>
 ***********
 ) 
Here is how much of TeX's memory you used:
 584 strings out of 474457
 10227 string characters out of 5759170
 1934190 words of memory out of 5000000
 22966 multiletter control sequences out of 15000+600000
 560268 words of font info for 43 fonts, out of 8000000 for 9000
 1141 hyphenation exceptions out of 8191
 35i,5n,50p,342b,241s stack positions out of 10000i,1000n,20000p,200000b,200000s
 <C:\Users\esloa\AppData\Local\MiKTeX\fonts/pk/ljfour/jknappen/ec/dpi600\tcrm1000.pk><D:/MiKTeX/fonts/type1/public/amsfonts/cm/cmbx10.pfb><D:/MiKTeX/fonts/type1/public/amsfonts/cm/cmbx12.pfb><D:/MiKTeX/fonts/type1/public/amsfonts/cm/cmmi10.pfb><D:/MiKTeX/fonts/type1/public/amsfonts/cm/cmmi7.pfb><D:/MiKTeX/fonts/type1/public/amsfonts/cm/cmr10.pfb><D:/MiKTeX/fonts/type1/public/amsfonts/cm/cmsy10.pfb><D:/MiKTeX/fonts/type1/public/amsfonts/cm/cmsy7.pfb><D:/MiKTeX/fonts/type1/public/amsfonts/cm/cmti10.pfb>
Output written on bib.pdf (4 pages, 119799 bytes).
PDF statistics:
 60 PDF objects out of 1000 (max. 8388607)
 0 named destinations out of 1000 (max. 500000)
 1 words of extra memory for PDF output out of 10000 (max. 10000000)

